Arguments: 
  /usr/local/bin/node /usr/local/Cellar/yarn/1.22.10/libexec/bin/yarn.js add @baransu/graphql_ppx_re --dev

PATH: 
  /usr/local/opt/python/libexec/bin:/Library/Frameworks/Python.framework/Versions/3.8/bin:/usr/local/bin:/usr/bin:/bin:/usr/sbin:/sbin:/Applications/VMware Fusion.app/Contents/Public:/Library/Apple/usr/bin:/usr/local/opt/python/libexec/bin:/Library/Frameworks/Python.framework/Versions/3.8/bin:/Applications/Visual Studio Code.app/Contents/Resources/app/bin:/Applications/Visual Studio Code.app/Contents/Resources/app/bin

Yarn version: 
  1.22.10

Node version: 
  15.2.1

Platform: 
  darwin x64

Trace: 
  Error: https://registry.yarnpkg.com/graphql_ppx_re: Not found
      at Request.params.callback [as _callback] (/usr/local/Cellar/yarn/1.22.10/libexec/lib/cli.js:66988:18)
      at Request.self.callback (/usr/local/Cellar/yarn/1.22.10/libexec/lib/cli.js:140749:22)
      at Request.emit (node:events:329:20)
      at Request.<anonymous> (/usr/local/Cellar/yarn/1.22.10/libexec/lib/cli.js:141721:10)
      at Request.emit (node:events:329:20)
      at IncomingMessage.<anonymous> (/usr/local/Cellar/yarn/1.22.10/libexec/lib/cli.js:141643:12)
      at Object.onceWrapper (node:events:435:28)
      at IncomingMessage.emit (node:events:341:22)
      at endReadableNT (node:internal/streams/readable:1294:12)
      at processTicksAndRejections (node:internal/process/task_queues:80:21)

npm manifest: 
  {
    "name": "web",
    "version": "0.1.0",
    "scripts": {
      "build": "bsb -make-world",
      "start": "bsb -make-world -w -ws _ ",
      "clean": "bsb -clean-world",
      "server": "moduleserve ./ --port 8000",
      "test": "echo \"Error: no test specified\" && exit 1"
    },
    "keywords": [
      "BuckleScript",
      "ReasonReact",
      "reason-react"
    ],
    "author": "",
    "license": "MIT",
    "dependencies": {
      "react": "^16.8.1",
      "react-dom": "^16.8.1",
      "reason-apollo": "^0.20.0",
      "reason-react": ">=0.7.1"
    },
    "devDependencies": {
      "bs-platform": "^8.3.3",
      "graphql_ppx_re": "^0.2.8",
      "moduleserve": "^0.9.0"
    }
  }

yarn manifest: 
  No manifest

Lockfile: 
  No lockfile
